
> nextjs@0.1.0 build D:\office\SupplementScience
> next build

[1m[38;2;173;127;168mΓû▓ Next.js 16.1.1[39m[22m (Turbopack)
- Environments: .env

[37m[1m [22m[39m Creating an optimized production build ...
[32m[1mΓ£ô[22m[39m Compiled successfully in 17.0s
[37m[1m [22m[39m Running TypeScript ...
[37m[1m [22m[39m Collecting page data using 7 workers ...
[37m[1m [22m[39m Generating static pages using 7 workers (0/54) ...
[37m[1m [22m[39m Generating static pages using 7 workers (13/54) 
[37m[1m [22m[39m Generating static pages using 7 workers (26/54) 
node.exe : Error occurred prerendering 
page "/category/joint-pain". Read 
more: https://nextjs.org/docs/messages/
prerender-error
At C:\Users\Abish\AppData\Roaming\npm\p
npm.ps1:24 char:5
+     & "node$exe"  "$basedir/node_modu
les/pnpm/bin/pnpm.cjs" $args
+     ~~~~~~~~~~~~~~~~~~~~~~~~~~~~~~~~~
~~~~~~~~~~~~~~~~~~~~~~~~~~~~
    + CategoryInfo          : NotSpeci 
   fied: (Error occurred ...prerender  
  -error:String) [], RemoteException
    + FullyQualifiedErrorId : NativeCo 
   mmandError
 
[31m[1mΓ¿»[22m[39m 
useSearchParams() should be wrapped in 
a suspense boundary at page 
"/admin/blogs". Read more: https://next
js.org/docs/messages/missing-suspense-w
ith-csr-bailout
    at Q (D:\office\SupplementScience\.
next\server\chunks\ssr\befc6_next_f9991
0e9._.js:2:2111)
    at o (D:\office\SupplementScience\.
next\server\chunks\ssr\befc6_next_f9991
0e9._.js:4:5284)
    at x (D:\office\SupplementScience\.
next\server\chunks\ssr\[root-of-the-ser
ver]__90c9a7b2._.js:7:3982)
    at an (D:\office\SupplementScience\
node_modules\.pnpm\next@16.1.1_@babel+c
ore@7.2_39b5f7bf9254f45631682e0d132e5fc
2\node_modules\next\dist\compiled\next-
server\app-page-turbo.runtime.prod.js:2
:84360)
    at ai (D:\office\SupplementScience\
node_modules\.pnpm\next@16.1.1_@babel+c
ore@7.2_39b5f7bf9254f45631682e0d132e5fc
2\node_modules\next\dist\compiled\next-
server\app-page-turbo.runtime.prod.js:2
:86179)
    at al (D:\office\SupplementScience\
node_modules\.pnpm\next@16.1.1_@babel+c
ore@7.2_39b5f7bf9254f45631682e0d132e5fc
2\node_modules\next\dist\compiled\next-
server\app-page-turbo.runtime.prod.js:2
:107953)
    at as (D:\office\SupplementScience\
node_modules\.pnpm\next@16.1.1_@babel+c
ore@7.2_39b5f7bf9254f45631682e0d132e5fc
2\node_modules\next\dist\compiled\next-
server\app-page-turbo.runtime.prod.js:2
:105368)
    at aa (D:\office\SupplementScience\
node_modules\.pnpm\next@16.1.1_@babel+c
ore@7.2_39b5f7bf9254f45631682e0d132e5fc
2\node_modules\next\dist\compiled\next-
server\app-page-turbo.runtime.prod.js:2
:84712)
    at ai (D:\office\SupplementScience\
node_modules\.pnpm\next@16.1.1_@babel+c
ore@7.2_39b5f7bf9254f45631682e0d132e5fc
2\node_modules\next\dist\compiled\next-
server\app-page-turbo.runtime.prod.js:2
:86228)
    at ai (D:\office\SupplementScience\
node_modules\.pnpm\next@16.1.1_@babel+c
ore@7.2_39b5f7bf9254f45631682e0d132e5fc
2\node_modules\next\dist\compiled\next-
server\app-page-turbo.runtime.prod.js:2
:104708)
Error occurred prerendering page 
"/admin/blogs". Read more: https://next
js.org/docs/messages/prerender-error
Export encountered an error on 
/admin/blogs/page: /admin/blogs, 
exiting the build.
[31m[1mΓ¿»[22m[39m Next.js build 
worker exited with code: 1 and signal: 
null
ΓÇëELIFECYCLEΓÇë Command failed with exit code 1.
