
> nextjs@0.1.0 build D:\office\SupplementScience
> next build

[1m[38;2;173;127;168mΓû▓ Next.js 16.1.1[39m[22m (Turbopack)
- Environments: .env

[37m[1m [22m[39m Creating an optimized production build ...
[32m[1mΓ£ô[22m[39m Compiled successfully in 12.2s
[37m[1m [22m[39m Running TypeScript ...
[37m[1m [22m[39m Collecting page data using 7 workers ...
[37m[1m [22m[39m Generating static pages using 7 workers (0/54) ...
[37m[1m [22m[39m Generating static pages using 7 workers (13/54) 
[37m[1m [22m[39m Generating static pages using 7 workers (26/54) 
[37m[1m [22m[39m Generating static pages using 7 workers (40/54) 
[32m[1mΓ£ô[22m[39m Generating static pages using 7 workers (54/54) in 5.7s
[37m[1m [22m[39m Finalizing page optimization ...

[4mRoute (app)[24m                                             [4mRevalidate[24m  [4mExpire[24m
Γöî Γùï /                                                          12h      1y
Γö£ Γùï /_not-found
Γö£ Γùï /about
Γö£ Γùï /admin
Γö£ Γùï /admin/authors
Γö£ ╞Æ /admin/blog/[slug]
Γö£ Γùï /admin/blog/new
Γö£ Γùï /admin/blogs
Γö£ Γùï /admin/categories
Γö£ Γùï /admin/guides/new
Γö£ Γùï /admin/ingredients/new
Γö£ Γùï /admin/login
Γö£ Γùï /admin/reviews/new
Γö£ Γùï /admin/settings
Γö£ Γùï /admin/setup
Γö£ Γùï /admin/subscribers
Γö£ Γùï /admin/tags
Γö£ ╞Æ /api/admin/authors
Γö£ ╞Æ /api/admin/authors/[id]
Γö£ ╞Æ /api/admin/categories
Γö£ ╞Æ /api/admin/categories/[id]
Γö£ ╞Æ /api/admin/change-credentials
Γö£ ╞Æ /api/admin/dashboard
Γö£ ╞Æ /api/admin/init
Γö£ ╞Æ /api/admin/posts/[id]
Γö£ ╞Æ /api/admin/posts/[id]/status
Γö£ ╞Æ /api/admin/tags
Γö£ ╞Æ /api/admin/tags/[id]
Γö£ ╞Æ /api/admin/update-profile
Γö£ ╞Æ /api/auth/[...nextauth]
Γö£ ╞Æ /api/blog/posts
Γö£ ╞Æ /api/newsletter/subscribe
Γö£ ╞Æ /api/search
Γö£ Γùï /blog                                                      12h      1y
Γö£ ΓùÅ /blog/[slug]                                                6h      1y
Γöé Γö£ /blog/plant                                                 6h      1y
Γöé Γö£ /blog/test-test                                             6h      1y
Γöé Γö£ /blog/supplements-can-support-your-health-1                 6h      1y
Γöé Γöö [+3 more paths]
Γö£ Γùï /category                                                  12h      1y
Γö£ ΓùÅ /category/[slug]                                           12h      1y
Γöé Γö£ /category/joint-pain                                       12h      1y
Γöé Γö£ /category/bone-health                                      12h      1y
Γöé Γöö /category/arthritis                                        12h      1y
Γö£ ΓùÅ /category/[slug]/[review-slug]                              6h      1y
Γöé Γö£ /category/bone-health/fsdffsd                               6h      1y
Γöé Γöö /category/arthritis/plant                                   6h      1y
Γö£ Γùï /contact
Γö£ Γùï /editorial-policy
Γö£ Γùï /ingredients                                               12h      1y
Γö£ ΓùÅ /ingredients/[slug]                                        12h      1y
Γöé Γö£ /ingredients/plant                                         12h      1y
Γöé Γö£ /ingredients/test-test                                     12h      1y
Γöé Γö£ /ingredients/supplements-can-support-your-health-1         12h      1y
Γöé Γöö [+3 more paths]
Γö£ Γùï /medical-disclaimer
Γö£ Γùï /privacy
Γö£ Γùï /robots.txt
Γö£ Γùï /sitemap.xml
Γö£ Γùï /tag/[slug]
Γöö Γùï /terms


╞Æ Proxy (Middleware)

Γùï  (Static)   prerendered as static content
ΓùÅ  (SSG)      prerendered as static HTML (uses [36mgenerateStaticParams[39m)
╞Æ  (Dynamic)  server-rendered on demand

