
> nextjs@0.1.0 build D:\office\SupplementScience
> next build

[1m[38;2;173;127;168mΓû▓ Next.js 16.1.1[39m[22m (Turbopack)
- Environments: .env

[37m[1m [22m[39m Creating an optimized production build ...
[32m[1mΓ£ô[22m[39m Compiled successfully in 16.1s
[37m[1m [22m[39m Running TypeScript ...
[37m[1m [22m[39m Collecting page data using 7 workers ...
[37m[1m [22m[39m Generating static pages using 7 workers (0/54) ...
[37m[1m [22m[39m Generating static pages using 7 workers (13/54) 
[37m[1m [22m[39m Generating static pages using 7 workers (26/54) 
node.exe : Error occurred prerendering 
page "/category/joint-pain". Read 
more: https://nextjs.org/docs/messages/
prerender-error
At C:\Users\Abish\AppData\Roaming\npm\p
npm.ps1:24 char:5
+     & "node$exe"  "$basedir/node_modu
les/pnpm/bin/pnpm.cjs" $args
+     ~~~~~~~~~~~~~~~~~~~~~~~~~~~~~~~~~
~~~~~~~~~~~~~~~~~~~~~~~~~~~~
    + CategoryInfo          : NotSpeci 
   fied: (Error occurred ...prerender  
  -error:String) [], RemoteException
    + FullyQualifiedErrorId : NativeCo 
   mmandError
 
Error [PrismaClientRustPanicError]: 
Invalid `prisma.category.findUnique()` 
invocation:


panicked at query-compiler/core/src/que
ry_document/selection.rs:218:51:
called `Option::unwrap()` on a `None` 
value

This is a non-recoverable error which 
probably happens when the Prisma Query 
Engine has a panic.

https://github.com/prisma/prisma/issues
/new?body=Hi+Prisma+Team%21+My+Prisma+C
lient+just+crashed.+This+is+the+report%
3A%0A%23%23+Versions%0A%0A%7C+Name+++++
+++++++%7C+Version++++++++++++%7C%0A%7C
-----------------%7C-------------------
-%7C%0A%7C+Node++++++++++++%7C+v22.13.1
+++++++++++%7C+%0A%7C+OS++++++++++++++%
7C+undefined%7C%0A%7C+Prisma+Client+++%
7C+7.2.0++++++++++++++%7C%0A%7C+Query+E
ngine++++%7C+unknown++++++++++++%7C%0A%
7C+Database++++++++%7C+postgresql++++++
+++%7C%0A%0A%0A%0A%23%23+Logs%0A%60%60%
60%0A%22skipNulls%22%3Afalse%7D%2C%22en
ums%22%3A%7B%7D%7D%7D%0Aprisma%3Aclient
%3AclientEngine+query+plan+executed%0Ap
risma%3Aclient%3AclientEngine+query+pla
n+executed%0Aprisma%3Aclient%3AclientEn
gine+query+plan+executed%0Aprisma%3Acli
ent%3AclientEngine+query+plan+executed%
0Aprisma%3Aclient%3AclientEngine+query+
plan+executed%0Aprisma%3Aclient%3Aclien
tEngine+query+plan+executed%0Aprisma%3A
client%3AclientEngine+sending+request%0
Aprisma%3Aclient%3AclientEngine+sending
+request%0Aprisma%3Aclient%3AclientEngi
ne+query+plan+created+%7B%22type%22%3A%
22dataMap%22%2C%22args%22%3A%7B%22expr%
22%3A%7B%22type%22%3A%22unique%22%2C%22
args%22%3A%7B%22type%22%3A%22query%22%2
C%22args%22%3A%7B%22type%22%3A%22templa
teSql%22%2C%22fragments%22%3A%5B%7B%22t
ype%22%3A%22stringChunk%22%2C%22chunk%2
2%3A%22SELECT+%5C%22public%5C%22.%5C%22
posts%5C%22.%5C%22id%5C%22%2C+%5C%22pub
lic%5C%22.%5C%22posts%5C%22.%5C%22title
%5C%22%2C+%5C%22public%5C%22.%5C%22post
s%5C%22.%5C%22slug%5C%22%2C+%5C%22publi
c%5C%22.%5C%22posts%5C%22.%5C%22feature
d_image_url%5C%22+FROM+%5C%22public%5C%
22.%5C%22posts%5C%22+WHERE+%28%5C%22pub
lic%5C%22.%5C%22posts%5C%22.%5C%22statu
s%5C%22+%3D+CAST%28%22%7D%2C%7B%22type%
22%3A%22parameter%22%7D%2C%7B%22type%22
%3A%22stringChunk%22%2C%22chunk%22%3A%2
2%3A%3Atext+AS+%5C%22public%5C%22.%5C%2
2PostStatus%5C%22%29+AND+%5C%22public%5
C%22.%5C%22posts%5C%22.%5C%22published_
at%5C%22+%3C+%22%7D%2C%7B%22type%22%3A%
22parameter%22%7D%2C%7B%22type%22%3A%22
stringChunk%22%2C%22chunk%22%3A%22%29+O
RDER+BY+%5C%22public%5C%22.%5C%22posts%
5C%22.%5C%22published_at%5C%22+DESC+LIM
IT+%22%7D%2C%7B%22type%22%3A%22paramete
r%22%7D%2C%7B%22type%22%3A%22stringChun
k%22%2C%22chunk%22%3A%22+OFFSET+%22%7D%
2C%7B%22type%22%3A%22parameter%22%7D%5D
%2C%22args%22%3A%5B%22PUBLISHED%22%2C%2
22026-01-05T17%3A11%3A49.344Z%22%2C%221
%22%2C%220%22%5D%2C%22argTypes%22%3A%5B
%7B%22arity%22%3A%22scalar%22%2C%22scal
arType%22%3A%22string%22%2C%22dbType%22
%3Anull%7D%2C%7B%22arity%22%3A%22scalar
%22%2C%22scalarType%22%3A%22datetime%22
%2C%22dbType%22%3A%22TIMESTAMP%22%7D%2C
%7B%22arity%22%3A%22scalar%22%2C%22scal
arType%22%3A%22bigint%22%2C%22dbType%22
%3Anull%7D%2C%7B%22arity%22%3A%22scalar
%22%2C%22scalarType%22%3A%22bigint%22%2
C%22dbType%22%3Anull%7D%5D%2C%22placeho
lderFormat%22%3A%7B%22prefix%22%3A%22%2
4%22%2C%22hasNumbering%22%3Atrue%7D%2C%
22chunkable%22%3Afalse%7D%7D%7D%2C%22st
ructure%22%3A%7B%22type%22%3A%22object%
22%2C%22serializedName%22%3Anull%2C%22f
ields%22%3A%7B%22title%22%3A%7B%22type%
22%3A%22field%22%2C%22dbName%22%3A%22ti
tle%22%2C%22fieldType%22%3A%7B%22arity%
22%3A%22required%22%2C%22type%22%3A%22s
tring%22%7D%7D%2C%22slug%22%3A%7B%22typ
e%22%3A%22field%22%2C%22dbName%22%3A%22
slug%22%2C%22fieldType%22%3A%7B%22arity
%22%3A%22required%22%2C%22type%22%3A%22
string%22%7D%7D%2C%22featuredImageUrl%2
2%3A%7B%22type%22%3A%22field%22%2C%22db
Name%22%3A%22featured_image_url%22%2C%2
2fieldType%22%3A%7B%22arity%22%3A%22opt
ional%22%2C%22type%22%3A%22string%22%7D
%7D%7D%2C%22skipNulls%22%3Afalse%7D%2C%
22enums%22%3A%7B%7D%7D%7D%0Aprisma%3Acl
ient%3AclientEngine+query+plan+created+
%7B%22type%22%3A%22dataMap%22%2C%22args
%22%3A%7B%22expr%22%3A%7B%22type%22%3A%
22unique%22%2C%22args%22%3A%7B%22type%2
2%3A%22query%22%2C%22args%22%3A%7B%22ty
pe%22%3A%22templateSql%22%2C%22fragment
s%22%3A%5B%7B%22type%22%3A%22stringChun
k%22%2C%22chunk%22%3A%22SELECT+%5C%22pu
blic%5C%22.%5C%22posts%5C%22.%5C%22id%5
C%22%2C+%5C%22public%5C%22.%5C%22posts%
5C%22.%5C%22title%5C%22%2C+%5C%22public
%5C%22.%5C%22posts%5C%22.%5C%22slug%5C%
22%2C+%5C%22public%5C%22.%5C%22posts%5C
%22.%5C%22featured_image_url%5C%22+FROM
+%5C%22public%5C%22.%5C%22posts%5C%22+W
HERE+%28%5C%22public%5C%22.%5C%22posts%
5C%22.%5C%22status%5C%22+%3D+CAST%28%22
%7D%2C%7B%22type%22%3A%22parameter%22%7
D%2C%7B%22type%22%3A%22stringChunk%22%2
C%22chunk%22%3A%22%3A%3Atext+AS+%5C%22p
ublic%5C%22.%5C%22PostStatus%5C%22%29+A
ND+%5C%22public%5C%22.%5C%22posts%5C%22
.%5C%22published_at%5C%22+%3E+%22%7D%2C
%7B%22type%22%3A%22parameter%22%7D%2C%7
B%22type%22%3A%22stringChunk%22%2C%22ch
unk%22%3A%22%29+ORDER+BY+%5C%22public%5
C%22.%5C%22posts%5C%22.%5C%22published_
at%5C%22+ASC+LIMIT+%22%7D%2C%7B%22type%
22%3A%22parameter%22%7D%2C%7B%22type%22
%3A%22stringChunk%22%2C%22chunk%22%3A%2
2+OFFSET+%22%7D%2C%7B%22type%22%3A%22pa
rameter%22%7D%5D%2C%22args%22%3A%5B%22P
UBLISHED%22%2C%222026-01-05T17%3A11%3A4
9.344Z%22%2C%221%22%2C%220%22%5D%2C%22a
rgTypes%22%3A%5B%7B%22arity%22%3A%22sca
lar%22%2C%22scalarType%22%3A%22string%2
2%2C%22dbType%22%3Anull%7D%2C%7B%22arit
y%22%3A%22scalar%22%2C%22scalarType%22%
3A%22datetime%22%2C%22dbType%22%3A%22TI
MESTAMP%22%7D%2C%7B%22arity%22%3A%22sca
lar%22%2C%22scalarType%22%3A%22bigint%2
2%2C%22dbType%22%3Anull%7D%2C%7B%22arit
y%22%3A%22scalar%22%2C%22scalarType%22%
3A%22bigint%22%2C%22dbType%22%3Anull%7D
%5D%2C%22placeholderFormat%22%3A%7B%22p
refix%22%3A%22%24%22%2C%22hasNumbering%
22%3Atrue%7D%2C%22chunkable%22%3Afalse%
7D%7D%7D%2C%22structure%22%3A%7B%22type
%22%3A%22object%22%2C%22serializedName%
22%3Anull%2C%22fields%22%3A%7B%22title%
22%3A%7B%22type%22%3A%22field%22%2C%22d
bName%22%3A%22title%22%2C%22fieldType%2
2%3A%7B%22arity%22%3A%22required%22%2C%
22type%22%3A%22string%22%7D%7D%2C%22slu
g%22%3A%7B%22type%22%3A%22field%22%2C%2
2dbName%22%3A%22slug%22%2C%22fieldType%
22%3A%7B%22arity%22%3A%22required%22%2C
%22type%22%3A%22string%22%7D%7D%2C%22fe
aturedImageUrl%22%3A%7B%22type%22%3A%22
field%22%2C%22dbName%22%3A%22featured_i
mage_url%22%2C%22fieldType%22%3A%7B%22a
rity%22%3A%22optional%22%2C%22type%22%3
A%22string%22%7D%7D%7D%2C%22skipNulls%2
2%3Afalse%7D%2C%22enums%22%3A%7B%7D%7D%
7D%0Aprisma%3Aclient%3AclientEngine+que
ry+plan+executed%0Aprisma%3Aclient%3Acl
ientEngine+query+plan+executed%0Aprisma
%3Aclient%3AclientEngine+sending+reques
t%0Aprisma%3Aclient%3AclientEngine+send
ing+request%0Aprisma%3Aclient%3AclientE
ngine+query+plan+created+%7B%22type%22%
3A%22dataMap%22%2C%22args%22%3A%7B%22ex
pr%22%3A%7B%22type%22%3A%22query%22%2C%
22args%22%3A%7B%22type%22%3A%22template
Sql%22%2C%22fragments%22%3A%5B%7B%22typ
e%22%3A%22stringChunk%22%2C%22chunk%22%
3A%22SELECT+%5C%22public%5C%22.%5C%22ca
tegories%5C%22.%5C%22id%5C%22%2C+%5C%22
public%5C%22.%5C%22categories%5C%22.%5C
%22name%5C%22%2C+%5C%22public%5C%22.%5C
%22categories%5C%22.%5C%22slug%5C%22+FR
OM+%5C%22public%5C%22.%5C%22categories%
5C%22+WHERE+%5C%22public%5C%22.%5C%22ca
tegories%5C%22.%5C%22post_count%5C%22+%
3E%3D+%22%7D%2C%7B%22type%22%3A%22param
eter%22%7D%2C%7B%22type%22%3A%22stringC
hunk%22%2C%22chunk%22%3A%22+ORDER+BY+%5
C%22public%5C%22.%5C%22categories%5C%22
.%5C%22post_count%5C%22+DESC+LIMIT+%22%
7D%2C%7B%22type%22%3A%22parameter%22%7D
%2C%7B%22type%22%3A%22stringChunk%22%2C
%22chunk%22%3A%22+OFFSET+%22%7D%2C%7B%2
2type%22%3A%22parameter%22%7D%5D%2C%22a
rgs%22%3A%5B%221%22%2C%226%22%2C%220%22
%5D%2C%22argTypes%22%3A%5B%7B%22arity%2
2%3A%22scalar%22%2C%22scalarType%22%3A%
22bigint%22%2C%22dbType%22%3A%22INTEGER
%22%7D%2C%7B%22arity%22%3A%22scalar%22%
2C%22scalarType%22%3A%22bigint%22%2C%22
dbType%22%3Anull%7D%2C%7B%22arity%22%3A
%22scalar%22%2C%22scalarType%22%3A%22bi
gint%22%2C%22dbType%22%3Anull%7D%5D%2C%
22placeholderFormat%22%3A%7B%22prefix%2
2%3A%22%24%22%2C%22hasNumbering%22%3Atr
ue%7D%2C%22chunkable%22%3Afalse%7D%7D%2
C%22structure%22%3A%7B%22type%22%3A%22o
bject%22%2C%22serializedName%22%3Anull%
2C%22fields%22%3A%7B%22id%22%3A%7B%22ty
pe%22%3A%22field%22%2C%22dbName%22%3A%2
2id%22%2C%22fieldType%22%3A%7B%22arity%
22%3A%22required%22%2C%22type%22%3A%22s
tring%22%7D%7D%2C%22name%22%3A%7B%22typ
e%22%3A%22field%22%2C%22dbName%22%3A%22
name%22%2C%22fieldType%22%3A%7B%22arity
%22%3A%22required%22%2C%22type%22%3A%22
string%22%7D%7D%2C%22slug%22%3A%7B%22ty
pe%22%3A%22field%22%2C%22dbName%22%3A%2
2slug%22%2C%22fieldType%22%3A%7B%22arit
y%22%3A%22required%22%2C%22type%22%3A%2
2string%22%7D%7D%7D%2C%22skipNulls%22%3
Afalse%7D%2C%22enums%22%3A%7B%7D%7D%7D%
0Aprisma%3Aclient%3AclientEngine+query+
plan+created+%7B%22type%22%3A%22dataMap
%22%2C%22args%22%3A%7B%22expr%22%3A%7B%
22type%22%3A%22query%22%2C%22args%22%3A
%7B%22type%22%3A%22templateSql%22%2C%22
fragments%22%3A%5B%7B%22type%22%3A%22st
ringChunk%22%2C%22chunk%22%3A%22SELECT+
%5C%22public%5C%22.%5C%22categories%5C%
22.%5C%22id%5C%22%2C+%5C%22public%5C%22
.%5C%22categories%5C%22.%5C%22name%5C%2
2%2C+%5C%22public%5C%22.%5C%22categorie
s%5C%22.%5C%22slug%5C%22+FROM+%5C%22pub
lic%5C%22.%5C%22categories%5C%22+WHERE+
%5C%22public%5C%22.%5C%22categories%5C%
22.%5C%22post_count%5C%22+%3E%3D+%22%7D
%2C%7B%22type%22%3A%22parameter%22%7D%2
C%7B%22type%22%3A%22stringChunk%22%2C%2
2chunk%22%3A%22+ORDER+BY+%5C%22public%5
C%22.%5C%22categories%5C%22.%5C%22post_
count%5C%22+DESC+LIMIT+%22%7D%2C%7B%22t
ype%22%3A%22parameter%22%7D%2C%7B%22typ
e%22%3A%22stringChunk%22%2C%22chunk%22%
3A%22+OFFSET+%22%7D%2C%7B%22type%22%3A%
22parameter%22%7D%5D%2C%22args%22%3A%5B
%221%22%2C%226%22%2C%220%22%5D%2C%22arg
Types%22%3A%5B%7B%22arity%22%3A%22scala
r%22%2C%22scalarType%22%3A%22bigint%22%
2C%22dbType%22%3A%22INTEGER%22%7D%2C%7B
%22arity%22%3A%22scalar%22%2C%22scalarT
ype%22%3A%22bigint%22%2C%22dbType%22%3A
null%7D%2C%7B%22arity%22%3A%22scalar%22
%2C%22scalarType%22%3A%22bigint%22%2C%2
2dbType%22%3Anull%7D%5D%2C%22placeholde
rFormat%22%3A%7B%22prefix%22%3A%22%24%2
2%2C%22hasNumbering%22%3Atrue%7D%2C%22c
hunkable%22%3Afalse%7D%7D%2C%22structur
e%22%3A%7B%22type%22%3A%22object%22%2C%
22serializedName%22%3Anull%2C%22fields%
22%3A%7B%22id%22%3A%7B%22type%22%3A%22f
ield%22%2C%22dbName%22%3A%22id%22%2C%22
fieldType%22%3A%7B%22arity%22%3A%22requ
ired%22%2C%22type%22%3A%22string%22%7D%
7D%2C%22name%22%3A%7B%22type%22%3A%22fi
eld%22%2C%22dbName%22%3A%22name%22%2C%2
2fieldType%22%3A%7B%22arity%22%3A%22req
uired%22%2C%22type%22%3A%22string%22%7D
%7D%2C%22slug%22%3A%7B%22type%22%3A%22f
ield%22%2C%22dbName%22%3A%22slug%22%2C%
22fieldType%22%3A%7B%22arity%22%3A%22re
quired%22%2C%22type%22%3A%22string%22%7
D%7D%7D%2C%22skipNulls%22%3Afalse%7D%2C
%22enums%22%3A%7B%7D%7D%7D%0A%60%60%60%
0A%0A%23%23+Client+Snippet%0A%60%60%60t
s%0A%2F%2F+PLEASE+FILL+YOUR+CODE+SNIPPE
T+HERE%0A%60%60%60%0A%0A%23%23+Schema%0
A%60%60%60prisma%0A%2F%2F+PLEASE+ADD+YO
UR+SCHEMA+HERE+IF+POSSIBLE%0A%60%60%60%
0A%0A%23%23+Prisma+Engine+Query%0A%60%6
0%60%0A%0A%60%60%60%0A&title=panicked+a
t+query-compiler%2Fcore%2Fsrc%2Fquery_d
ocument%2Fselection.rs%3A218%3A51%3A%0A
called+%60Option%3A%3Aunwrap%28%29%60+o
n+a+%60None%60+value&template=bug_repor
t.yml

If you want the Prisma team to look 
into it, please open the link above 
≡ƒÖÅ
To increase the chance of success, 
please post your schema and a snippet 
of
how you used Prisma Client in the 
issue. 

    at <unknown> (https://github.com/pr
isma/prisma/issues/new?body=Hi+Prisma+T
eam%21+My+Prisma+Client+just+crashed.+T
his+is+the+report%3A%0A%23%23+Versions%
0A%0A%7C+Name++++++++++++%7C+Version+++
+++++++++%7C%0A%7C-----------------%7C-
-------------------%7C%0A%7C+Node++++++
++++++%7C+v22.13.1+++++++++++%7C+%0A%7C
+OS++++++++++++++%7C+undefined%7C%0A%7C
+Prisma+Client+++%7C+7.2.0+++++++++++++
+%7C%0A%7C+Query+Engine++++%7C+unknown+
+++++++++++%7C%0A%7C+Database++++++++%7
C+postgresql+++++++++%7C%0A%0A%0A%0A%23
%23+Logs%0A%60%60%60%0A%22skipNulls%22%
3Afalse%7D%2C%22enums%22%3A%7B%7D%7D%7D
%0Aprisma%3Aclient%3AclientEngine+query
+plan+executed%0Aprisma%3Aclient%3Aclie
ntEngine+query+plan+executed%0Aprisma%3
Aclient%3AclientEngine+query+plan+execu
ted%0Aprisma%3Aclient%3AclientEngine+qu
ery+plan+executed%0Aprisma%3Aclient%3Ac
lientEngine+query+plan+executed%0Aprism
a%3Aclient%3AclientEngine+query+plan+ex
ecuted%0Aprisma%3Aclient%3AclientEngine
+sending+request%0Aprisma%3Aclient%3Acl
ientEngine+sending+request%0Aprisma%3Ac
lient%3AclientEngine+query+plan+created
+%7B%22type%22%3A%22dataMap%22%2C%22arg
s%22%3A%7B%22expr%22%3A%7B%22type%22%3A
%22unique%22%2C%22args%22%3A%7B%22type%
22%3A%22query%22%2C%22args%22%3A%7B%22t
ype%22%3A%22templateSql%22%2C%22fragmen
ts%22%3A%5B%7B%22type%22%3A%22stringChu
nk%22%2C%22chunk%22%3A%22SELECT+%5C%22p
ublic%5C%22.%5C%22posts%5C%22.%5C%22id%
5C%22%2C+%5C%22public%5C%22.%5C%22posts
%5C%22.%5C%22title%5C%22%2C+%5C%22publi
c%5C%22.%5C%22posts%5C%22.%5C%22slug%5C
%22%2C+%5C%22public%5C%22.%5C%22posts%5
C%22.%5C%22featured_image_url%5C%22+FRO
M+%5C%22public%5C%22.%5C%22posts%5C%22+
WHERE+%28%5C%22public%5C%22.%5C%22posts
%5C%22.%5C%22status%5C%22+%3D+CAST%28%2
2%7D%2C%7B%22type%22%3A%22parameter%22%
7D%2C%7B%22type%22%3A%22stringChunk%22%
2C%22chunk%22%3A%22%3A%3Atext+AS+%5C%22
public%5C%22.%5C%22PostStatus%5C%22%29+
AND+%5C%22public%5C%22.%5C%22posts%5C%2
2.%5C%22published_at%5C%22+%3C+%22%7D%2
C%7B%22type%22%3A%22parameter%22%7D%2C%
7B%22type%22%3A%22stringChunk%22%2C%22c
hunk%22%3A%22%29+ORDER+BY+%5C%22public%
5C%22.%5C%22posts%5C%22.%5C%22published
_at%5C%22+DESC+LIMIT+%22%7D%2C%7B%22typ
e%22%3A%22parameter%22%7D%2C%7B%22type%
22%3A%22stringChunk%22%2C%22chunk%22%3A
%22+OFFSET+%22%7D%2C%7B%22type%22%3A%22
parameter%22%7D%5D%2C%22args%22%3A%5B%2
2PUBLISHED%22%2C%222026-01-05T17%3A11%3
A49.344Z%22%2C%221%22%2C%220%22%5D%2C%2
2argTypes%22%3A%5B%7B%22arity%22%3A%22s
calar%22%2C%22scalarType%22%3A%22string
%22%2C%22dbType%22%3Anull%7D%2C%7B%22ar
ity%22%3A%22scalar%22%2C%22scalarType%2
2%3A%22datetime%22%2C%22dbType%22%3A%22
TIMESTAMP%22%7D%2C%7B%22arity%22%3A%22s
calar%22%2C%22scalarType%22%3A%22bigint
%22%2C%22dbType%22%3Anull%7D%2C%7B%22ar
ity%22%3A%22scalar%22%2C%22scalarType%2
2%3A%22bigint%22%2C%22dbType%22%3Anull%
7D%5D%2C%22placeholderFormat%22%3A%7B%2
2prefix%22%3A%22%24%22%2C%22hasNumberin
g%22%3Atrue%7D%2C%22chunkable%22%3Afals
e%7D%7D%7D%2C%22structure%22%3A%7B%22ty
pe%22%3A%22object%22%2C%22serializedNam
e%22%3Anull%2C%22fields%22%3A%7B%22titl
e%22%3A%7B%22type%22%3A%22field%22%2C%2
2dbName%22%3A%22title%22%2C%22fieldType
%22%3A%7B%22arity%22%3A%22required%22%2
C%22type%22%3A%22string%22%7D%7D%2C%22s
lug%22%3A%7B%22type%22%3A%22field%22%2C
%22dbName%22%3A%22slug%22%2C%22fieldTyp
e%22%3A%7B%22arity%22%3A%22required%22%
2C%22type%22%3A%22string%22%7D%7D%2C%22
featuredImageUrl%22%3A%7B%22type%22%3A%
22field%22%2C%22dbName%22%3A%22featured
_image_url%22%2C%22fieldType%22%3A%7B%2
2arity%22%3A%22optional%22%2C%22type%22
%3A%22string%22%7D%7D%7D%2C%22skipNulls
%22%3Afalse%7D%2C%22enums%22%3A%7B%7D%7
D%7D%0Aprisma%3Aclient%3AclientEngine+q
uery+plan+created+%7B%22type%22%3A%22da
taMap%22%2C%22args%22%3A%7B%22expr%22%3
A%7B%22type%22%3A%22unique%22%2C%22args
%22%3A%7B%22type%22%3A%22query%22%2C%22
args%22%3A%7B%22type%22%3A%22templateSq
l%22%2C%22fragments%22%3A%5B%7B%22type%
22%3A%22stringChunk%22%2C%22chunk%22%3A
%22SELECT+%5C%22public%5C%22.%5C%22post
s%5C%22.%5C%22id%5C%22%2C+%5C%22public%
5C%22.%5C%22posts%5C%22.%5C%22title%5C%
22%2C+%5C%22public%5C%22.%5C%22posts%5C
%22.%5C%22slug%5C%22%2C+%5C%22public%5C
%22.%5C%22posts%5C%22.%5C%22featured_im
age_url%5C%22+FROM+%5C%22public%5C%22.%
5C%22posts%5C%22+WHERE+%28%5C%22public%
5C%22.%5C%22posts%5C%22.%5C%22status%5C
%22+%3D+CAST%28%22%7D%2C%7B%22type%22%3
A%22parameter%22%7D%2C%7B%22type%22%3A%
22stringChunk%22%2C%22chunk%22%3A%22%3A
%3Atext+AS+%5C%22public%5C%22.%5C%22Pos
tStatus%5C%22%29+AND+%5C%22public%5C%22
.%5C%22posts%5C%22.%5C%22published_at%5
C%22+%3E+%22%7D%2C%7B%22type%22%3A%22pa
rameter%22%7D%2C%7B%22type%22%3A%22stri
ngChunk%22%2C%22chunk%22%3A%22%29+ORDER
+BY+%5C%22public%5C%22.%5C%22posts%5C%2
2.%5C%22published_at%5C%22+ASC+LIMIT+%2
2%7D%2C%7B%22type%22%3A%22parameter%22%
7D%2C%7B%22type%22%3A%22stringChunk%22%
2C%22chunk%22%3A%22+OFFSET+%22%7D%2C%7B
%22type%22%3A%22parameter%22%7D%5D%2C%2
2args%22%3A%5B%22PUBLISHED%22%2C%222026
-01-05T17%3A11%3A49.344Z%22%2C%221%22%2
C%220%22%5D%2C%22argTypes%22%3A%5B%7B%2
2arity%22%3A%22scalar%22%2C%22scalarTyp
e%22%3A%22string%22%2C%22dbType%22%3Anu
ll%7D%2C%7B%22arity%22%3A%22scalar%22%2
C%22scalarType%22%3A%22datetime%22%2C%2
2dbType%22%3A%22TIMESTAMP%22%7D%2C%7B%2
2arity%22%3A%22scalar%22%2C%22scalarTyp
e%22%3A%22bigint%22%2C%22dbType%22%3Anu
ll%7D%2C%7B%22arity%22%3A%22scalar%22%2
C%22scalarType%22%3A%22bigint%22%2C%22d
bType%22%3Anull%7D%5D%2C%22placeholderF
ormat%22%3A%7B%22prefix%22%3A%22%24%22%
2C%22hasNumbering%22%3Atrue%7D%2C%22chu
nkable%22%3Afalse%7D%7D%7D%2C%22structu
re%22%3A%7B%22type%22%3A%22object%22%2C
%22serializedName%22%3Anull%2C%22fields
%22%3A%7B%22title%22%3A%7B%22type%22%3A
%22field%22%2C%22dbName%22%3A%22title%2
2%2C%22fieldType%22%3A%7B%22arity%22%3A
%22required%22%2C%22type%22%3A%22string
%22%7D%7D%2C%22slug%22%3A%7B%22type%22%
3A%22field%22%2C%22dbName%22%3A%22slug%
22%2C%22fieldType%22%3A%7B%22arity%22%3
A%22required%22%2C%22type%22%3A%22strin
g%22%7D%7D%2C%22featuredImageUrl%22%3A%
7B%22type%22%3A%22field%22%2C%22dbName%
22%3A%22featured_image_url%22%2C%22fiel
dType%22%3A%7B%22arity%22%3A%22optional
%22%2C%22type%22%3A%22string%22%7D%7D%7
D%2C%22skipNulls%22%3Afalse%7D%2C%22enu
ms%22%3A%7B%7D%7D%7D%0Aprisma%3Aclient%
3AclientEngine+query+plan+executed%0Apr
isma%3Aclient%3AclientEngine+query+plan
+executed%0Aprisma%3Aclient%3AclientEng
ine+sending+request%0Aprisma%3Aclient%3
AclientEngine+sending+request%0Aprisma%
3Aclient%3AclientEngine+query+plan+crea
ted+%7B%22type%22%3A%22dataMap%22%2C%22
args%22%3A%7B%22expr%22%3A%7B%22type%22
%3A%22query%22%2C%22args%22%3A%7B%22typ
e%22%3A%22templateSql%22%2C%22fragments
%22%3A%5B%7B%22type%22%3A%22stringChunk
%22%2C%22chunk%22%3A%22SELECT+%5C%22pub
lic%5C%22.%5C%22categories%5C%22.%5C%22
id%5C%22%2C+%5C%22public%5C%22.%5C%22ca
tegories%5C%22.%5C%22name%5C%22%2C+%5C%
22public%5C%22.%5C%22categories%5C%22.%
5C%22slug%5C%22+FROM+%5C%22public%5C%22
.%5C%22categories%5C%22+WHERE+%5C%22pub
lic%5C%22.%5C%22categories%5C%22.%5C%22
post_count%5C%22+%3E%3D+%22%7D%2C%7B%22
type%22%3A%22parameter%22%7D%2C%7B%22ty
pe%22%3A%22stringChunk%22%2C%22chunk%22
%3A%22+ORDER+BY+%5C%22public%5C%22.%5C%
22categories%5C%22.%5C%22post_count%5C%
22+DESC+LIMIT+%22%7D%2C%7B%22type%22%3A
%22parameter%22%7D%2C%7B%22type%22%3A%2
2stringChunk%22%2C%22chunk%22%3A%22+OFF
SET+%22%7D%2C%7B%22type%22%3A%22paramet
er%22%7D%5D%2C%22args%22%3A%5B%221%22%2
C%226%22%2C%220%22%5D%2C%22argTypes%22%
3A%5B%7B%22arity%22%3A%22scalar%22%2C%2
2scalarType%22%3A%22bigint%22%2C%22dbTy
pe%22%3A%22INTEGER%22%7D%2C%7B%22arity%
22%3A%22scalar%22%2C%22scalarType%22%3A
%22bigint%22%2C%22dbType%22%3Anull%7D%2
C%7B%22arity%22%3A%22scalar%22%2C%22sca
larType%22%3A%22bigint%22%2C%22dbType%2
2%3Anull%7D%5D%2C%22placeholderFormat%2
2%3A%7B%22prefix%22%3A%22%24%22%2C%22ha
sNumbering%22%3Atrue%7D%2C%22chunkable%
22%3Afalse%7D%7D%2C%22structure%22%3A%7
B%22type%22%3A%22object%22%2C%22seriali
zedName%22%3Anull%2C%22fields%22%3A%7B%
22id%22%3A%7B%22type%22%3A%22field%22%2
C%22dbName%22%3A%22id%22%2C%22fieldType
%22%3A%7B%22arity%22%3A%22required%22%2
C%22type%22%3A%22string%22%7D%7D%2C%22n
ame%22%3A%7B%22type%22%3A%22field%22%2C
%22dbName%22%3A%22name%22%2C%22fieldTyp
e%22%3A%7B%22arity%22%3A%22required%22%
2C%22type%22%3A%22string%22%7D%7D%2C%22
slug%22%3A%7B%22type%22%3A%22field%22%2
C%22dbName%22%3A%22slug%22%2C%22fieldTy
pe%22%3A%7B%22arity%22%3A%22required%22
%2C%22type%22%3A%22string%22%7D%7D%7D%2
C%22skipNulls%22%3Afalse%7D%2C%22enums%
22%3A%7B%7D%7D%7D%0Aprisma%3Aclient%3Ac
lientEngine+query+plan+created+%7B%22ty
pe%22%3A%22dataMap%22%2C%22args%22%3A%7
B%22expr%22%3A%7B%22type%22%3A%22query%
22%2C%22args%22%3A%7B%22type%22%3A%22te
mplateSql%22%2C%22fragments%22%3A%5B%7B
%22type%22%3A%22stringChunk%22%2C%22chu
nk%22%3A%22SELECT+%5C%22public%5C%22.%5
C%22categories%5C%22.%5C%22id%5C%22%2C+
%5C%22public%5C%22.%5C%22categories%5C%
22.%5C%22name%5C%22%2C+%5C%22public%5C%
22.%5C%22categories%5C%22.%5C%22slug%5C
%22+FROM+%5C%22public%5C%22.%5C%22categ
ories%5C%22+WHERE+%5C%22public%5C%22.%5
C%22categories%5C%22.%5C%22post_count%5
C%22+%3E%3D+%22%7D%2C%7B%22type%22%3A%2
2parameter%22%7D%2C%7B%22type%22%3A%22s
tringChunk%22%2C%22chunk%22%3A%22+ORDER
+BY+%5C%22public%5C%22.%5C%22categories
%5C%22.%5C%22post_count%5C%22+DESC+LIMI
T+%22%7D%2C%7B%22type%22%3A%22parameter
%22%7D%2C%7B%22type%22%3A%22stringChunk
%22%2C%22chunk%22%3A%22+OFFSET+%22%7D%2
C%7B%22type%22%3A%22parameter%22%7D%5D%
2C%22args%22%3A%5B%221%22%2C%226%22%2C%
220%22%5D%2C%22argTypes%22%3A%5B%7B%22a
rity%22%3A%22scalar%22%2C%22scalarType%
22%3A%22bigint%22%2C%22dbType%22%3A%22I
NTEGER%22%7D%2C%7B%22arity%22%3A%22scal
ar%22%2C%22scalarType%22%3A%22bigint%22
%2C%22dbType%22%3Anull%7D%2C%7B%22arity
%22%3A%22scalar%22%2C%22scalarType%22%3
A%22bigint%22%2C%22dbType%22%3Anull%7D%
5D%2C%22placeholderFormat%22%3A%7B%22pr
efix%22%3A%22%24%22%2C%22hasNumbering%2
2%3Atrue%7D%2C%22chunkable%22%3Afalse%7
D%7D%2C%22structure%22%3A%7B%22type%22%
3A%22object%22%2C%22serializedName%22%3
Anull%2C%22fields%22%3A%7B%22id%22%3A%7
B%22type%22%3A%22field%22%2C%22dbName%2
2%3A%22id%22%2C%22fieldType%22%3A%7B%22
arity%22%3A%22required%22%2C%22type%22%
3A%22string%22%7D%7D%2C%22name%22%3A%7B
%22type%22%3A%22field%22%2C%22dbName%22
%3A%22name%22%2C%22fieldType%22%3A%7B%2
2arity%22%3A%22required%22%2C%22type%22
%3A%22string%22%7D%7D%2C%22slug%22%3A%7
B%22type%22%3A%22field%22%2C%22dbName%2
2%3A%22slug%22%2C%22fieldType%22%3A%7B%
22arity%22%3A%22required%22%2C%22type%2
2%3A%22string%22%7D%7D%7D%2C%22skipNull
s%22%3Afalse%7D%2C%22enums%22%3A%7B%7D%
7D%7D%0A%60%60%60%0A%0A%23%23+Client+Sn
ippet%0A%60%60%60ts%0A%2F%2F+PLEASE+FIL
L+YOUR+CODE+SNIPPET+HERE%0A%60%60%60%0A
%0A%23%23+Schema%0A%60%60%60prisma%0A%2
F%2F+PLEASE+ADD+YOUR+SCHEMA+HERE+IF+POS
SIBLE%0A%60%60%60%0A%0A%23%23+Prisma+En
gine+Query%0A%60%60%60%0A%0A%60%60%60%0
A&title=panicked+at+query-compiler%2Fco
re%2Fsrc%2Fquery_document%2Fselection.r
s%3A218%3A51%3A%0Acalled+%60Option%3A%3
Aunwrap%28%29%60+on+a+%60None%60+value&
template=bug_report.yml)
    at async l (D:\office\SupplementSci
ence\.next\server\chunks\ssr\[root-of-t
he-server]__11749ddd._.js:3:1187)
    at async q (D:\office\SupplementSci
ence\.next\server\chunks\ssr\[root-of-t
he-server]__11749ddd._.js:3:2516) {
  clientVersion: '7.2.0',
  digest: '3603629779'
}
Export encountered an error on 
/(public)/category/[slug]/page: 
/category/joint-pain, exiting the 
build.
[31m[1mΓ¿»[22m[39m Next.js build 
worker exited with code: 1 and signal: 
null
ΓÇëELIFECYCLEΓÇë Command failed with exit code 1.
