
> nextjs@0.1.0 build D:\office\SupplementScience
> next build

[1m[38;2;173;127;168mΓû▓ Next.js 16.1.1[39m[22m (Turbopack)
- Environments: .env

[37m[1m [22m[39m Creating an optimized production build ...
[32m[1mΓ£ô[22m[39m Compiled successfully in 15.6s
[37m[1m [22m[39m Running TypeScript ...
node.exe : [31mFailed to compile.
At C:\Users\Abish\AppData\Roaming\npm\p
npm.ps1:24 char:5
+     & "node$exe"  "$basedir/node_modu
les/pnpm/bin/pnpm.cjs" $args
+     ~~~~~~~~~~~~~~~~~~~~~~~~~~~~~~~~~
~~~~~~~~~~~~~~~~~~~~~~~~~~~~
    + CategoryInfo          : NotSpeci 
   fied: ([31mFailed to compile.:Str  
  ing) [], RemoteException
    + FullyQualifiedErrorId : NativeCo 
   mmandError
 
[39m
[31m[1mType error[22m[39m: Cannot 
find type definition file for 
'dompurify'.
  The file is in the program because:
    Entry point for implicit type 
library 'dompurify'

Next.js build worker exited with code: 
1 and signal: null
ΓÇëELIFECYCLEΓÇë Command failed with exit code 1.
